<?xml version="1.0" encoding="UTF-8"?>
<!-- Generated by org.testng.reporters.JUnitReportReporter -->
<testsuite hostname="LAPTOP-H61DAP59" failures="0" tests="1" name="scripts.TestCase_4" time="0.013" errors="0" timestamp="2023-06-01T15:04:22 IST" skipped="0">
  <testcase classname="scripts.TestCase_4" name="tc4" time="0.013"/>
  <system-out>
    <![CDATA[hello Selenium]]>
  </system-out>
</testsuite> <!-- scripts.TestCase_4 -->
